<?xml version="1.0" encoding="UTF-8"?>
<!-- Generated by org.testng.reporters.JUnitXMLReporter -->
<testsuite hostname="WRGHO-702220958" name="单例测试" tests="2" failures="1" timestamp="26 May 2017 08:04:49 GMT" time="42.192" errors="0">
  <testcase name="topCheck" time="17.606" classname="com.stocksir.testcase.home.HomePage_001_Login_TopCheck_Test">
    <skipped/>
  </testcase> <!-- topCheck -->
  <testcase name="topCheck" time="15.178" classname="com.stocksir.testcase.home.HomePage_001_Login_TopCheck_Test">
    <failure type="java.lang.AssertionError" message="超时!! 15 秒之后还没找到元素 [By.cssSelector: input[name=&amp;apos;username&amp;apos;]]">
      <![CDATA[java.lang.AssertionError: 超时!! 15 秒之后还没找到元素 [By.cssSelector: input[name='username']]
	at com.stocksir.util.SeleniumUtil.waitForElementToLoad(SeleniumUtil.java:207)
	at com.stocksir.pages.pageshelper.LoginPageHelper.waitLoginPageToLoad(LoginPageHelper.java:35)
	at com.stocksir.plugins.father.LoginFather.loginParpare(LoginFather.java:29)
	at com.stocksir.plugins.father.HomeFather.homeAuthenticationParpare(HomeFather.java:33)
	at com.stocksir.testcase.home.HomePage_001_Login_TopCheck_Test.topCheck(HomePage_001_Login_TopCheck_Test.java:17)
	at java.util.concurrent.FutureTask.run(FutureTask.java:266)
	at java.util.concurrent.ThreadPoolExecutor.runWorker(ThreadPoolExecutor.java:1142)
	at java.util.concurrent.ThreadPoolExecutor$Worker.run(ThreadPoolExecutor.java:617)
	at java.lang.Thread.run(Thread.java:745)
... Removed 17 stack frames]]>
    </failure>
  </testcase> <!-- topCheck -->
</testsuite> <!-- 单例测试 -->
