<?xml version="1.0" encoding="UTF-8"?>
<!-- Generated by org.testng.reporters.JUnitXMLReporter -->
<testsuite hostname="WRGHO-702220958" name="Default test" tests="10" failures="0" timestamp="26 May 2017 05:08:42 GMT" time="0.063" errors="0">
  <testcase name="@BeforeClass startTest" time="0.0" classname="com.stocksir.testcase.login.LoginPage_006_Fail_Incorrect_Username_Test">
    <failure type="junit.framework.AssertionFailedError" message="浏览器不能正常工作，请检查是不是被手动关闭或者其他原因">
      <![CDATA[junit.framework.AssertionFailedError: 浏览器不能正常工作，请检查是不是被手动关闭或者其他原因
	at junit.framework.Assert.fail(Assert.java:50)
	at com.stocksir.base.BaseParpare.startTest(BaseParpare.java:42)
	at sun.reflect.NativeMethodAccessorImpl.invoke0(Native Method)
	at sun.reflect.NativeMethodAccessorImpl.invoke(NativeMethodAccessorImpl.java:62)
	at sun.reflect.DelegatingMethodAccessorImpl.invoke(DelegatingMethodAccessorImpl.java:43)
	at java.lang.reflect.Method.invoke(Method.java:498)
	at org.testng.internal.MethodInvocationHelper.invokeMethod(MethodInvocationHelper.java:85)
	at org.testng.internal.Invoker.invokeConfigurationMethod(Invoker.java:510)
	at org.testng.internal.Invoker.invokeConfigurations(Invoker.java:211)
	at org.testng.internal.Invoker.invokeConfigurations(Invoker.java:138)
	at org.testng.internal.TestMethodWorker.invokeBeforeClassMethods(TestMethodWorker.java:170)
	at org.testng.internal.TestMethodWorker.run(TestMethodWorker.java:104)
	at org.testng.TestRunner.privateRun(TestRunner.java:774)
	at org.testng.TestRunner.run(TestRunner.java:624)
	at org.testng.SuiteRunner.runTest(SuiteRunner.java:359)
	at org.testng.SuiteRunner.runSequentially(SuiteRunner.java:354)
	at org.testng.SuiteRunner.privateRun(SuiteRunner.java:312)
	at org.testng.SuiteRunner.run(SuiteRunner.java:261)
	at org.testng.SuiteRunnerWorker.runSuite(SuiteRunnerWorker.java:52)
	at org.testng.SuiteRunnerWorker.run(SuiteRunnerWorker.java:86)
	at org.testng.TestNG.runSuitesSequentially(TestNG.java:1215)
	at org.testng.TestNG.runSuitesLocally(TestNG.java:1140)
	at org.testng.TestNG.run(TestNG.java:1048)
	at org.testng.remote.AbstractRemoteTestNG.run(AbstractRemoteTestNG.java:132)
	at org.testng.remote.RemoteTestNG.initAndRun(RemoteTestNG.java:230)
	at org.testng.remote.RemoteTestNG.main(RemoteTestNG.java:76)
]]>
    </failure>
  </testcase> <!-- @BeforeClass startTest -->
  <testcase name="@AfterClass endTest" time="0.0" classname="com.stocksir.testcase.login.LoginPage_006_Fail_Incorrect_Username_Test">
    <skipped/>
  </testcase> <!-- @AfterClass endTest -->
  <testcase name="@BeforeClass startTest" time="0.0" classname="com.stocksir.testcase.login.LoginPage_003_Fail_AllEmpty_Test">
    <skipped/>
  </testcase> <!-- @BeforeClass startTest -->
  <testcase name="@AfterClass endTest" time="0.0" classname="com.stocksir.testcase.login.LoginPage_003_Fail_AllEmpty_Test">
    <skipped/>
  </testcase> <!-- @AfterClass endTest -->
  <testcase name="@BeforeClass startTest" time="0.0" classname="com.stocksir.testcase.login.LoginPage_004_Fail_Only_Username_Test">
    <skipped/>
  </testcase> <!-- @BeforeClass startTest -->
  <testcase name="@AfterClass endTest" time="0.0" classname="com.stocksir.testcase.login.LoginPage_004_Fail_Only_Username_Test">
    <skipped/>
  </testcase> <!-- @AfterClass endTest -->
  <testcase name="@BeforeClass startTest" time="0.0" classname="com.stocksir.testcase.home.HomePage_002_Login_UserInfoTabClick_Test">
    <skipped/>
  </testcase> <!-- @BeforeClass startTest -->
  <testcase name="@AfterClass endTest" time="0.0" classname="com.stocksir.testcase.home.HomePage_002_Login_UserInfoTabClick_Test">
    <skipped/>
  </testcase> <!-- @AfterClass endTest -->
  <testcase name="@BeforeClass startTest" time="0.0" classname="com.stocksir.testcase.home.HomePage_001_Login_TopCheck_Test">
    <skipped/>
  </testcase> <!-- @BeforeClass startTest -->
  <testcase name="@AfterClass endTest" time="0.0" classname="com.stocksir.testcase.home.HomePage_001_Login_TopCheck_Test">
    <skipped/>
  </testcase> <!-- @AfterClass endTest -->
  <testcase name="@BeforeClass startTest" time="0.0" classname="com.stocksir.testcase.login.LoginPage_005_Fail_Only_Password_Test">
    <skipped/>
  </testcase> <!-- @BeforeClass startTest -->
  <testcase name="@AfterClass endTest" time="0.0" classname="com.stocksir.testcase.login.LoginPage_005_Fail_Only_Password_Test">
    <skipped/>
  </testcase> <!-- @AfterClass endTest -->
  <testcase name="@BeforeClass startTest" time="0.0" classname="com.stocksir.testcase.login.LoginPage_002_Login_Success_Test">
    <skipped/>
  </testcase> <!-- @BeforeClass startTest -->
  <testcase name="@AfterClass endTest" time="0.0" classname="com.stocksir.testcase.login.LoginPage_002_Login_Success_Test">
    <skipped/>
  </testcase> <!-- @AfterClass endTest -->
  <testcase name="@BeforeClass startTest" time="0.0" classname="com.stocksir.testcase.login.LoginPage_001_UI_Test">
    <skipped/>
  </testcase> <!-- @BeforeClass startTest -->
  <testcase name="@AfterClass endTest" time="0.0" classname="com.stocksir.testcase.login.LoginPage_001_UI_Test">
    <skipped/>
  </testcase> <!-- @AfterClass endTest -->
  <testcase name="@BeforeClass startTest" time="0.0" classname="com.stocksir.testcase.login.LoginPage_008_EXIT_After_Login_Test">
    <skipped/>
  </testcase> <!-- @BeforeClass startTest -->
  <testcase name="@AfterClass endTest" time="0.0" classname="com.stocksir.testcase.login.LoginPage_008_EXIT_After_Login_Test">
    <skipped/>
  </testcase> <!-- @AfterClass endTest -->
  <testcase name="@BeforeClass startTest" time="0.0" classname="com.stocksir.testcase.login.LoginPage_007_Fail_Incorrect_Password_Test">
    <skipped/>
  </testcase> <!-- @BeforeClass startTest -->
  <testcase name="@AfterClass endTest" time="0.0" classname="com.stocksir.testcase.login.LoginPage_007_Fail_Incorrect_Password_Test">
    <skipped/>
  </testcase> <!-- @AfterClass endTest -->
  <testcase name="loginFailTest_incorrectUsername" time="0.001" classname="com.stocksir.testcase.login.LoginPage_006_Fail_Incorrect_Username_Test">
    <skipped/>
  </testcase> <!-- loginFailTest_incorrectUsername -->
  <testcase name="loginFailTest_AllEmpty" time="0.001" classname="com.stocksir.testcase.login.LoginPage_003_Fail_AllEmpty_Test">
    <skipped/>
  </testcase> <!-- loginFailTest_AllEmpty -->
  <testcase name="loginFailTest_Username" time="0.001" classname="com.stocksir.testcase.login.LoginPage_004_Fail_Only_Username_Test">
    <skipped/>
  </testcase> <!-- loginFailTest_Username -->
  <testcase name="loginUserInfoTabClick" time="0.001" classname="com.stocksir.testcase.home.HomePage_002_Login_UserInfoTabClick_Test">
    <skipped/>
  </testcase> <!-- loginUserInfoTabClick -->
  <testcase name="topCheck" time="0.001" classname="com.stocksir.testcase.home.HomePage_001_Login_TopCheck_Test">
    <skipped/>
  </testcase> <!-- topCheck -->
  <testcase name="loginFailTest_Password" time="0.002" classname="com.stocksir.testcase.login.LoginPage_005_Fail_Only_Password_Test">
    <skipped/>
  </testcase> <!-- loginFailTest_Password -->
  <testcase name="loginSuccessTest" time="0.001" classname="com.stocksir.testcase.login.LoginPage_002_Login_Success_Test">
    <skipped/>
  </testcase> <!-- loginSuccessTest -->
  <testcase name="loginTest" time="0.001" classname="com.stocksir.testcase.login.LoginPage_001_UI_Test">
    <skipped/>
  </testcase> <!-- loginTest -->
  <testcase name="exitLoginTest" time="0.0" classname="com.stocksir.testcase.login.LoginPage_008_EXIT_After_Login_Test">
    <skipped/>
  </testcase> <!-- exitLoginTest -->
  <testcase name="loginFailTest_incorrectPassword" time="0.001" classname="com.stocksir.testcase.login.LoginPage_007_Fail_Incorrect_Password_Test">
    <skipped/>
  </testcase> <!-- loginFailTest_incorrectPassword -->
</testsuite> <!-- Default test -->
